10-09-2020 06:45:04 INFO  WeatherRequester:58 - Проверяем принятие города "Moscow" сервером погоды
10-09-2020 06:45:04 INFO  WeatherRequester:65 - Сформирован URL: https://api.weatherapi.com/v1/current.json?key=e981d951eed148cb837101739200309&q=Moscow&lang=ru
10-09-2020 06:45:05 DEBUG WeatherRequester:70 - Код ответа сервера - 200
10-09-2020 06:45:05 DEBUG WeatherRequester:77 - {"location":{"name":"Moscow","region":"Moscow City","country":"Russia","lat":55.75,"lon":37.62,"tz_id":"Europe/Moscow","localtime_epoch":1599709509,"localtime":"2020-09-10 6:45"},"current":{"last_updated_epoch":1599708613,"last_updated":"2020-09-10 06:30","temp_c":11.0,"temp_f":51.8,"is_day":1,"condition":{"text":"Солнечно","icon":"//cdn.weatherapi.com/weather/64x64/day/113.png","code":1000},"wind_mph":9.4,"wind_kph":15.1,"wind_degree":200,"wind_dir":"SSW","pressure_mb":1009.0,"pressure_in":30.3,"precip_mm":0.0,"precip_in":0.0,"humidity":87,"cloud":0,"feelslike_c":8.7,"feelslike_f":47.7,"vis_km":10.0,"vis_miles":6.0,"uv":3.0,"gust_mph":16.3,"gust_kph":26.3}}
10-09-2020 06:45:05 INFO  InformatorImplTest:42 - Проверяем возвращение погоды
10-09-2020 06:45:05 INFO  WeatherRequester:33 - Сформирован URL: https://api.weatherapi.com/v1/current.json?key=e981d951eed148cb837101739200309&q=Moscow+City&lang=ru
10-09-2020 06:45:06 DEBUG WeatherRequester:118 - Код ответа сервера - 200
10-09-2020 06:45:06 DEBUG WeatherRequester:124 - {"location":{"name":"Moscow","region":"Moscow City","country":"Russia","lat":55.75,"lon":37.62,"tz_id":"Europe/Moscow","localtime_epoch":1599709509,"localtime":"2020-09-10 6:45"},"current":{"last_updated_epoch":1599708613,"last_updated":"2020-09-10 06:30","temp_c":11.0,"temp_f":51.8,"is_day":1,"condition":{"text":"Солнечно","icon":"//cdn.weatherapi.com/weather/64x64/day/113.png","code":1000},"wind_mph":9.4,"wind_kph":15.1,"wind_degree":200,"wind_dir":"SSW","pressure_mb":1009.0,"pressure_in":30.3,"precip_mm":0.0,"precip_in":0.0,"humidity":87,"cloud":0,"feelslike_c":8.7,"feelslike_f":47.7,"vis_km":10.0,"vis_miles":6.0,"uv":3.0,"gust_mph":16.3,"gust_kph":26.3}}
10-09-2020 06:45:06 INFO  WeatherRequester:177 - Сформирован URL: https://api.weatherapi.com/v1/history.json?key=e981d951eed148cb837101739200309&q=Moscow+City&lang=ru&dt=2020-09-09&hour=6
10-09-2020 06:45:06 DEBUG WeatherRequester:118 - Код ответа сервера - 200
10-09-2020 06:45:06 DEBUG WeatherRequester:124 - {"location":{"name":"Moscow","region":"Moscow City","country":"Russia","lat":55.75,"lon":37.62,"tz_id":"Europe/Moscow","localtime_epoch":1599709509,"localtime":"2020-09-10 6:45"},"forecast":{"forecastday":[{"date":"2020-09-09","date_epoch":1599609600,"day":{"maxtemp_c":15.9,"maxtemp_f":60.6,"mintemp_c":11.2,"mintemp_f":52.2,"avgtemp_c":14.7,"avgtemp_f":58.5,"maxwind_mph":16.3,"maxwind_kph":26.3,"totalprecip_mm":5.5,"totalprecip_in":0.22,"avgvis_km":8.8,"avgvis_miles":5.0,"avghumidity":76.0,"condition":{"text":"Небольшой ливневый дождь","icon":"//cdn.weatherapi.com/weather/64x64/day/353.png","code":1240},"uv":0.0},"astro":{"sunrise":"05:50 AM","sunset":"07:02 PM","moonrise":"09:35 PM","moonset":"01:41 PM","moon_phase":"Last Quarter","moon_illumination":"43"},"hour":[{"time_epoch":1599620400,"time":"2020-09-09 06:00","temp_c":11.8,"temp_f":53.2,"is_day":1,"condition":{"text":"Небольшой ливневый дождь","icon":"//cdn.weatherapi.com/weather/64x64/day/296.png","code":1183},"wind_mph":10.1,"wind_kph":16.2,"wind_degree":249,"wind_dir":"WSW","pressure_mb":1007.0,"pressure_in":30.2,"precip_mm":0.44,"precip_in":0.02,"humidity":84,"cloud":100,"feelslike_c":10.0,"feelslike_f":50.0,"windchill_c":10.0,"windchill_f":50.0,"heatindex_c":11.8,"heatindex_f":53.2,"dewpoint_c":9.1,"dewpoint_f":48.4,"will_it_rain":0,"chance_of_rain":"0","will_it_snow":0,"chance_of_snow":"0","vis_km":4.3,"vis_miles":2.0,"gust_mph":12.8,"gust_kph":20.5}]}]}}
10-09-2020 06:45:06 INFO  WeatherRequester:135 - Сформирован URL: https://api.weatherapi.com/v1/current.json?key=e981d951eed148cb837101739200309&q=Moscow+City&lang=ru
10-09-2020 06:45:06 DEBUG WeatherRequester:118 - Код ответа сервера - 200
10-09-2020 06:45:06 DEBUG WeatherRequester:124 - {"location":{"name":"Moscow","region":"Moscow City","country":"Russia","lat":55.75,"lon":37.62,"tz_id":"Europe/Moscow","localtime_epoch":1599709509,"localtime":"2020-09-10 6:45"},"current":{"last_updated_epoch":1599708613,"last_updated":"2020-09-10 06:30","temp_c":11.0,"temp_f":51.8,"is_day":1,"condition":{"text":"Солнечно","icon":"//cdn.weatherapi.com/weather/64x64/day/113.png","code":1000},"wind_mph":9.4,"wind_kph":15.1,"wind_degree":200,"wind_dir":"SSW","pressure_mb":1009.0,"pressure_in":30.3,"precip_mm":0.0,"precip_in":0.0,"humidity":87,"cloud":0,"feelslike_c":8.7,"feelslike_f":47.7,"vis_km":10.0,"vis_miles":6.0,"uv":3.0,"gust_mph":16.3,"gust_kph":26.3}}
10-09-2020 06:45:06 INFO  WeatherRequester:33 - Сформирован URL: https://api.weatherapi.com/v1/current.json?key=e981d951eed148cb837101739200309&q=Moscow+City&lang=ru
10-09-2020 06:45:06 DEBUG WeatherRequester:118 - Код ответа сервера - 200
10-09-2020 06:45:06 DEBUG WeatherRequester:124 - {"location":{"name":"Moscow","region":"Moscow City","country":"Russia","lat":55.75,"lon":37.62,"tz_id":"Europe/Moscow","localtime_epoch":1599709509,"localtime":"2020-09-10 6:45"},"current":{"last_updated_epoch":1599708613,"last_updated":"2020-09-10 06:30","temp_c":11.0,"temp_f":51.8,"is_day":1,"condition":{"text":"Солнечно","icon":"//cdn.weatherapi.com/weather/64x64/day/113.png","code":1000},"wind_mph":9.4,"wind_kph":15.1,"wind_degree":200,"wind_dir":"SSW","pressure_mb":1009.0,"pressure_in":30.3,"precip_mm":0.0,"precip_in":0.0,"humidity":87,"cloud":0,"feelslike_c":8.7,"feelslike_f":47.7,"vis_km":10.0,"vis_miles":6.0,"uv":3.0,"gust_mph":16.3,"gust_kph":26.3}}
10-09-2020 06:45:06 INFO  WeatherRequester:224 - Сформирован URL: https://api.weatherapi.com/v1/forecast.json?key=e981d951eed148cb837101739200309&q=Moscow+City&lang=ru&dt=2020-09-09&hour=6
10-09-2020 06:45:06 DEBUG WeatherRequester:118 - Код ответа сервера - 200
10-09-2020 06:45:06 DEBUG WeatherRequester:124 - {"location":{"name":"Moscow","region":"Moscow City","country":"Russia","lat":55.75,"lon":37.62,"tz_id":"Europe/Moscow","localtime_epoch":1599709510,"localtime":"2020-09-10 6:45"},"current":{"last_updated_epoch":1599708613,"last_updated":"2020-09-10 06:30","temp_c":11.0,"temp_f":51.8,"is_day":1,"condition":{"text":"Солнечно","icon":"//cdn.weatherapi.com/weather/64x64/day/113.png","code":1000},"wind_mph":9.4,"wind_kph":15.1,"wind_degree":200,"wind_dir":"SSW","pressure_mb":1009.0,"pressure_in":30.3,"precip_mm":0.0,"precip_in":0.0,"humidity":87,"cloud":0,"feelslike_c":8.7,"feelslike_f":47.7,"vis_km":10.0,"vis_miles":6.0,"uv":3.0,"gust_mph":16.3,"gust_kph":26.3},"forecast":{"forecastday":[{"date":"2020-09-09","date_epoch":1599609600,"day":{"maxtemp_c":15.9,"maxtemp_f":60.6,"mintemp_c":11.2,"mintemp_f":52.2,"avgtemp_c":13.6,"avgtemp_f":56.4,"maxwind_mph":16.3,"maxwind_kph":26.3,"totalprecip_mm":5.5,"totalprecip_in":0.22,"avgvis_km":8.8,"avgvis_miles":5.0,"avghumidity":76.0,"daily_will_it_rain":1,"daily_chance_of_rain":"99","daily_will_it_snow":0,"daily_chance_of_snow":"0","condition":{"text":"Небольшой ливневый дождь","icon":"//cdn.weatherapi.com/weather/64x64/day/353.png","code":1240},"uv":3.0},"astro":{"sunrise":"05:50 AM","sunset":"07:02 PM","moonrise":"09:35 PM","moonset":"01:41 PM"}}]},"alert":{}}
10-09-2020 06:45:06 INFO  WeatherRequester:58 - Проверяем принятие города "Moscow" сервером погоды
10-09-2020 06:45:06 INFO  WeatherRequester:65 - Сформирован URL: https://api.weatherapi.com/v1/current.json?key=e981d951eed148cb837101739200309&q=Moscow&lang=ru
10-09-2020 06:45:06 DEBUG WeatherRequester:70 - Код ответа сервера - 200
10-09-2020 06:45:06 DEBUG WeatherRequester:77 - {"location":{"name":"Moscow","region":"Moscow City","country":"Russia","lat":55.75,"lon":37.62,"tz_id":"Europe/Moscow","localtime_epoch":1599709509,"localtime":"2020-09-10 6:45"},"current":{"last_updated_epoch":1599708613,"last_updated":"2020-09-10 06:30","temp_c":11.0,"temp_f":51.8,"is_day":1,"condition":{"text":"Солнечно","icon":"//cdn.weatherapi.com/weather/64x64/day/113.png","code":1000},"wind_mph":9.4,"wind_kph":15.1,"wind_degree":200,"wind_dir":"SSW","pressure_mb":1009.0,"pressure_in":30.3,"precip_mm":0.0,"precip_in":0.0,"humidity":87,"cloud":0,"feelslike_c":8.7,"feelslike_f":47.7,"vis_km":10.0,"vis_miles":6.0,"uv":3.0,"gust_mph":16.3,"gust_kph":26.3}}
10-09-2020 06:45:06 INFO  InformatorImplTest:50 - Проверяем возвращение курса валют
10-09-2020 06:45:06 INFO  InformatorImpl:93 - Запрошен курс валюты EUR
10-09-2020 06:45:06 INFO  WeatherRequester:33 - Сформирован URL: https://api.weatherapi.com/v1/current.json?key=e981d951eed148cb837101739200309&q=Moscow+City&lang=ru
10-09-2020 06:45:06 DEBUG WeatherRequester:118 - Код ответа сервера - 200
10-09-2020 06:45:06 DEBUG WeatherRequester:124 - {"location":{"name":"Moscow","region":"Moscow City","country":"Russia","lat":55.75,"lon":37.62,"tz_id":"Europe/Moscow","localtime_epoch":1599709509,"localtime":"2020-09-10 6:45"},"current":{"last_updated_epoch":1599708613,"last_updated":"2020-09-10 06:30","temp_c":11.0,"temp_f":51.8,"is_day":1,"condition":{"text":"Солнечно","icon":"//cdn.weatherapi.com/weather/64x64/day/113.png","code":1000},"wind_mph":9.4,"wind_kph":15.1,"wind_degree":200,"wind_dir":"SSW","pressure_mb":1009.0,"pressure_in":30.3,"precip_mm":0.0,"precip_in":0.0,"humidity":87,"cloud":0,"feelslike_c":8.7,"feelslike_f":47.7,"vis_km":10.0,"vis_miles":6.0,"uv":3.0,"gust_mph":16.3,"gust_kph":26.3}}
10-09-2020 06:45:06 DEBUG InformatorImpl:106 - Получаем информацию о курсе валюты на вчера
10-09-2020 06:45:06 INFO  CurrencyRequester:73 - Сформирован URL: http://www.cbr.ru/scripts/XML_daily.asp?date_req=09%2F09%2F2020
10-09-2020 06:45:06 DEBUG CurrencyRequester:84 - Дата в запросе на сервер: 09.09.2020, а в ответе с сервера: 09.09.2020
10-09-2020 06:45:06 DEBUG CurrencyRequester:112 - Число различных полученых валют из XML = 34
10-09-2020 06:45:06 DEBUG InformatorImpl:114 - Получаем информацию о курсе валюты на сегодня
10-09-2020 06:45:06 INFO  CurrencyRequester:73 - Сформирован URL: http://www.cbr.ru/scripts/XML_daily.asp?date_req=10%2F09%2F2020
10-09-2020 06:45:06 DEBUG CurrencyRequester:84 - Дата в запросе на сервер: 10.09.2020, а в ответе с сервера: 10.09.2020
10-09-2020 06:45:06 DEBUG CurrencyRequester:112 - Число различных полученых валют из XML = 34
10-09-2020 06:45:06 DEBUG InformatorImpl:122 - Получаем информацию о курсе валюты на завтра
10-09-2020 06:45:06 INFO  CurrencyRequester:73 - Сформирован URL: http://www.cbr.ru/scripts/XML_daily.asp?date_req=11%2F09%2F2020
10-09-2020 06:45:07 DEBUG CurrencyRequester:84 - Дата в запросе на сервер: 11.09.2020, а в ответе с сервера: 10.09.2020
10-09-2020 06:45:07 WARN  CurrencyRequester:91 - На сервере отсутствует необходмая информация о требуемой дате. Запрашивалась дата: 11.09.2020, а сервер вернул курс валюты на: 10.09.2020
10-09-2020 06:45:07 INFO  WeatherRequester:58 - Проверяем принятие города "Moscow" сервером погоды
10-09-2020 06:45:07 INFO  WeatherRequester:65 - Сформирован URL: https://api.weatherapi.com/v1/current.json?key=e981d951eed148cb837101739200309&q=Moscow&lang=ru
10-09-2020 06:45:07 DEBUG WeatherRequester:70 - Код ответа сервера - 200
10-09-2020 06:45:07 DEBUG WeatherRequester:77 - {"location":{"name":"Moscow","region":"Moscow City","country":"Russia","lat":55.75,"lon":37.62,"tz_id":"Europe/Moscow","localtime_epoch":1599709509,"localtime":"2020-09-10 6:45"},"current":{"last_updated_epoch":1599708613,"last_updated":"2020-09-10 06:30","temp_c":11.0,"temp_f":51.8,"is_day":1,"condition":{"text":"Солнечно","icon":"//cdn.weatherapi.com/weather/64x64/day/113.png","code":1000},"wind_mph":9.4,"wind_kph":15.1,"wind_degree":200,"wind_dir":"SSW","pressure_mb":1009.0,"pressure_in":30.3,"precip_mm":0.0,"precip_in":0.0,"humidity":87,"cloud":0,"feelslike_c":8.7,"feelslike_f":47.7,"vis_km":10.0,"vis_miles":6.0,"uv":3.0,"gust_mph":16.3,"gust_kph":26.3}}
10-09-2020 06:45:07 INFO  InformatorImplTest:26 - Проверяем возвращение города
10-09-2020 06:45:07 INFO  WeatherRequester:58 - Проверяем принятие города "Moscow" сервером погоды
10-09-2020 06:45:07 INFO  WeatherRequester:65 - Сформирован URL: https://api.weatherapi.com/v1/current.json?key=e981d951eed148cb837101739200309&q=Moscow&lang=ru
10-09-2020 06:45:07 DEBUG WeatherRequester:70 - Код ответа сервера - 200
10-09-2020 06:45:07 DEBUG WeatherRequester:77 - {"location":{"name":"Moscow","region":"Moscow City","country":"Russia","lat":55.75,"lon":37.62,"tz_id":"Europe/Moscow","localtime_epoch":1599709509,"localtime":"2020-09-10 6:45"},"current":{"last_updated_epoch":1599708613,"last_updated":"2020-09-10 06:30","temp_c":11.0,"temp_f":51.8,"is_day":1,"condition":{"text":"Солнечно","icon":"//cdn.weatherapi.com/weather/64x64/day/113.png","code":1000},"wind_mph":9.4,"wind_kph":15.1,"wind_degree":200,"wind_dir":"SSW","pressure_mb":1009.0,"pressure_in":30.3,"precip_mm":0.0,"precip_in":0.0,"humidity":87,"cloud":0,"feelslike_c":8.7,"feelslike_f":47.7,"vis_km":10.0,"vis_miles":6.0,"uv":3.0,"gust_mph":16.3,"gust_kph":26.3}}
10-09-2020 06:45:07 INFO  InformatorImplTest:58 - Проверяем возвращение максимального курса валют
10-09-2020 06:45:07 INFO  WeatherRequester:33 - Сформирован URL: https://api.weatherapi.com/v1/current.json?key=e981d951eed148cb837101739200309&q=Moscow+City&lang=ru
10-09-2020 06:45:07 DEBUG WeatherRequester:118 - Код ответа сервера - 200
10-09-2020 06:45:07 DEBUG WeatherRequester:124 - {"location":{"name":"Moscow","region":"Moscow City","country":"Russia","lat":55.75,"lon":37.62,"tz_id":"Europe/Moscow","localtime_epoch":1599709509,"localtime":"2020-09-10 6:45"},"current":{"last_updated_epoch":1599708613,"last_updated":"2020-09-10 06:30","temp_c":11.0,"temp_f":51.8,"is_day":1,"condition":{"text":"Солнечно","icon":"//cdn.weatherapi.com/weather/64x64/day/113.png","code":1000},"wind_mph":9.4,"wind_kph":15.1,"wind_degree":200,"wind_dir":"SSW","pressure_mb":1009.0,"pressure_in":30.3,"precip_mm":0.0,"precip_in":0.0,"humidity":87,"cloud":0,"feelslike_c":8.7,"feelslike_f":47.7,"vis_km":10.0,"vis_miles":6.0,"uv":3.0,"gust_mph":16.3,"gust_kph":26.3}}
10-09-2020 06:45:07 DEBUG InformatorImpl:154 - Получаем информацию о курсе валюты на вчера
10-09-2020 06:45:07 INFO  CurrencyRequester:73 - Сформирован URL: http://www.cbr.ru/scripts/XML_daily.asp?date_req=09%2F09%2F2020
10-09-2020 06:45:07 DEBUG CurrencyRequester:84 - Дата в запросе на сервер: 09.09.2020, а в ответе с сервера: 09.09.2020
10-09-2020 06:45:07 DEBUG CurrencyRequester:112 - Число различных полученых валют из XML = 34
10-09-2020 06:45:07 DEBUG InformatorImpl:160 - Получаем информацию о курсе валюты на сегодня
10-09-2020 06:45:07 INFO  CurrencyRequester:73 - Сформирован URL: http://www.cbr.ru/scripts/XML_daily.asp?date_req=10%2F09%2F2020
10-09-2020 06:45:07 DEBUG CurrencyRequester:84 - Дата в запросе на сервер: 10.09.2020, а в ответе с сервера: 10.09.2020
10-09-2020 06:45:07 DEBUG CurrencyRequester:112 - Число различных полученых валют из XML = 34
10-09-2020 06:45:07 DEBUG InformatorImpl:167 - Получаем информацию о курсе валюты на завтра
10-09-2020 06:45:07 INFO  CurrencyRequester:73 - Сформирован URL: http://www.cbr.ru/scripts/XML_daily.asp?date_req=11%2F09%2F2020
10-09-2020 06:45:07 DEBUG CurrencyRequester:84 - Дата в запросе на сервер: 11.09.2020, а в ответе с сервера: 10.09.2020
10-09-2020 06:45:07 WARN  CurrencyRequester:91 - На сервере отсутствует необходмая информация о требуемой дате. Запрашивалась дата: 11.09.2020, а сервер вернул курс валюты на: 10.09.2020
10-09-2020 06:45:07 DEBUG InformatorImpl:184 - Самый большой курс был вчера
10-09-2020 06:45:07 INFO  WeatherRequester:58 - Проверяем принятие города "Moscow" сервером погоды
10-09-2020 06:45:07 INFO  WeatherRequester:65 - Сформирован URL: https://api.weatherapi.com/v1/current.json?key=e981d951eed148cb837101739200309&q=Moscow&lang=ru
10-09-2020 06:45:07 DEBUG WeatherRequester:70 - Код ответа сервера - 200
10-09-2020 06:45:07 DEBUG WeatherRequester:77 - {"location":{"name":"Moscow","region":"Moscow City","country":"Russia","lat":55.75,"lon":37.62,"tz_id":"Europe/Moscow","localtime_epoch":1599709509,"localtime":"2020-09-10 6:45"},"current":{"last_updated_epoch":1599708613,"last_updated":"2020-09-10 06:30","temp_c":11.0,"temp_f":51.8,"is_day":1,"condition":{"text":"Солнечно","icon":"//cdn.weatherapi.com/weather/64x64/day/113.png","code":1000},"wind_mph":9.4,"wind_kph":15.1,"wind_degree":200,"wind_dir":"SSW","pressure_mb":1009.0,"pressure_in":30.3,"precip_mm":0.0,"precip_in":0.0,"humidity":87,"cloud":0,"feelslike_c":8.7,"feelslike_f":47.7,"vis_km":10.0,"vis_miles":6.0,"uv":3.0,"gust_mph":16.3,"gust_kph":26.3}}
10-09-2020 06:45:07 INFO  InformatorImplTest:34 - Проверяем возвращение времени
10-09-2020 06:45:07 INFO  WeatherRequester:33 - Сформирован URL: https://api.weatherapi.com/v1/current.json?key=e981d951eed148cb837101739200309&q=Moscow+City&lang=ru
10-09-2020 06:45:07 DEBUG WeatherRequester:118 - Код ответа сервера - 200
10-09-2020 06:45:07 DEBUG WeatherRequester:124 - {"location":{"name":"Moscow","region":"Moscow City","country":"Russia","lat":55.75,"lon":37.62,"tz_id":"Europe/Moscow","localtime_epoch":1599709509,"localtime":"2020-09-10 6:45"},"current":{"last_updated_epoch":1599708613,"last_updated":"2020-09-10 06:30","temp_c":11.0,"temp_f":51.8,"is_day":1,"condition":{"text":"Солнечно","icon":"//cdn.weatherapi.com/weather/64x64/day/113.png","code":1000},"wind_mph":9.4,"wind_kph":15.1,"wind_degree":200,"wind_dir":"SSW","pressure_mb":1009.0,"pressure_in":30.3,"precip_mm":0.0,"precip_in":0.0,"humidity":87,"cloud":0,"feelslike_c":8.7,"feelslike_f":47.7,"vis_km":10.0,"vis_miles":6.0,"uv":3.0,"gust_mph":16.3,"gust_kph":26.3}}
